\BOOKMARK [1][-]{section.1}{Before\040The\040Broadcast}{}% 1
\BOOKMARK [2][-]{subsection.1.1}{Executive\040Producer}{section.1}% 2
\BOOKMARK [2][-]{subsection.1.2}{Director}{section.1}% 3
\BOOKMARK [2][-]{subsection.1.3}{Technical\040Director}{section.1}% 4
\BOOKMARK [2][-]{subsection.1.4}{Graphics}{section.1}% 5
\BOOKMARK [2][-]{subsection.1.5}{Teleprompter}{section.1}% 6
\BOOKMARK [2][-]{subsection.1.6}{Audio\040Technician}{section.1}% 7
\BOOKMARK [2][-]{subsection.1.7}{Anchors}{section.1}% 8
\BOOKMARK [2][-]{subsection.1.8}{Floor\040Director}{section.1}% 9
\BOOKMARK [2][-]{subsection.1.9}{Camera\040Operators}{section.1}% 10
\BOOKMARK [1][-]{section.2}{During\040The\040Broadcast}{}% 11
\BOOKMARK [2][-]{subsection.2.1}{Executive\040Producer}{section.2}% 12
\BOOKMARK [2][-]{subsection.2.2}{Director}{section.2}% 13
\BOOKMARK [2][-]{subsection.2.3}{Technical\040Director}{section.2}% 14
\BOOKMARK [2][-]{subsection.2.4}{Graphics}{section.2}% 15
\BOOKMARK [2][-]{subsection.2.5}{Teleprompter}{section.2}% 16
\BOOKMARK [2][-]{subsection.2.6}{Audio\040Technician}{section.2}% 17
\BOOKMARK [2][-]{subsection.2.7}{Anchors}{section.2}% 18
\BOOKMARK [2][-]{subsection.2.8}{Floor\040Director}{section.2}% 19
\BOOKMARK [2][-]{subsection.2.9}{Camera\040Operators}{section.2}% 20
